[0.716s] Invoking command in '/home/cameron/Project_Echo/Educational/amr_ws/src/echo_sim_v1': PYTHONPATH=/home/cameron/Project_Echo/Educational/amr_ws/build/echo_sim_v1/prefix_override:/usr/lib/python3/dist-packages/colcon_core/task/python/colcon_distutils_commands:/home/cameron/Project_Echo/Educational/amr_ws/install/echo_sim_v1/lib/python3.10/site-packages:${PYTHONPATH} /usr/bin/python3 -W ignore:setup.py install is deprecated -W ignore:easy_install command is deprecated setup.py egg_info --egg-base ../../build/echo_sim_v1 build --build-base /home/cameron/Project_Echo/Educational/amr_ws/build/echo_sim_v1/build install --record /home/cameron/Project_Echo/Educational/amr_ws/build/echo_sim_v1/install.log --single-version-externally-managed install_data
[0.912s] running egg_info
[0.912s] writing ../../build/echo_sim_v1/echo_sim_v1.egg-info/PKG-INFO
[0.913s] writing dependency_links to ../../build/echo_sim_v1/echo_sim_v1.egg-info/dependency_links.txt
[0.913s] writing entry points to ../../build/echo_sim_v1/echo_sim_v1.egg-info/entry_points.txt
[0.913s] writing requirements to ../../build/echo_sim_v1/echo_sim_v1.egg-info/requires.txt
[0.913s] writing top-level names to ../../build/echo_sim_v1/echo_sim_v1.egg-info/top_level.txt
[0.914s] reading manifest file '../../build/echo_sim_v1/echo_sim_v1.egg-info/SOURCES.txt'
[0.914s] adding license file 'LICENSE'
[0.915s] writing manifest file '../../build/echo_sim_v1/echo_sim_v1.egg-info/SOURCES.txt'
[0.915s] running build
[0.915s] running build_py
[0.915s] running install
[0.916s] running install_lib
[0.916s] running install_data
[0.917s] copying urdf/echo_v1.urdf.xacro -> /home/cameron/Project_Echo/Educational/amr_ws/install/echo_sim_v1/share/echo_sim_v1/urdf
[0.917s] running install_egg_info
[0.918s] removing '/home/cameron/Project_Echo/Educational/amr_ws/install/echo_sim_v1/lib/python3.10/site-packages/echo_sim_v1-0.0.0-py3.10.egg-info' (and everything under it)
[0.919s] Copying ../../build/echo_sim_v1/echo_sim_v1.egg-info to /home/cameron/Project_Echo/Educational/amr_ws/install/echo_sim_v1/lib/python3.10/site-packages/echo_sim_v1-0.0.0-py3.10.egg-info
[0.919s] running install_scripts
[0.936s] writing list of installed files to '/home/cameron/Project_Echo/Educational/amr_ws/build/echo_sim_v1/install.log'
[0.960s] Invoked command in '/home/cameron/Project_Echo/Educational/amr_ws/src/echo_sim_v1' returned '0': PYTHONPATH=/home/cameron/Project_Echo/Educational/amr_ws/build/echo_sim_v1/prefix_override:/usr/lib/python3/dist-packages/colcon_core/task/python/colcon_distutils_commands:/home/cameron/Project_Echo/Educational/amr_ws/install/echo_sim_v1/lib/python3.10/site-packages:${PYTHONPATH} /usr/bin/python3 -W ignore:setup.py install is deprecated -W ignore:easy_install command is deprecated setup.py egg_info --egg-base ../../build/echo_sim_v1 build --build-base /home/cameron/Project_Echo/Educational/amr_ws/build/echo_sim_v1/build install --record /home/cameron/Project_Echo/Educational/amr_ws/build/echo_sim_v1/install.log --single-version-externally-managed install_data
