[0.840s] Invoking command in '/home/cameron/Project_Echo/Educational/amr_ws/src/echo_sim_v1': PYTHONPATH=/home/cameron/Project_Echo/Educational/amr_ws/build/echo_sim_v1/prefix_override:/usr/lib/python3/dist-packages/colcon_core/task/python/colcon_distutils_commands:/home/cameron/Project_Echo/Educational/amr_ws/install/echo_sim_v1/lib/python3.10/site-packages:${PYTHONPATH} /usr/bin/python3 -W ignore:setup.py install is deprecated -W ignore:easy_install command is deprecated setup.py egg_info --egg-base ../../build/echo_sim_v1 build --build-base /home/cameron/Project_Echo/Educational/amr_ws/build/echo_sim_v1/build install --record /home/cameron/Project_Echo/Educational/amr_ws/build/echo_sim_v1/install.log --single-version-externally-managed install_data
[1.061s] running egg_info
[1.061s] writing ../../build/echo_sim_v1/echo_sim_v1.egg-info/PKG-INFO
[1.061s] writing dependency_links to ../../build/echo_sim_v1/echo_sim_v1.egg-info/dependency_links.txt
[1.061s] writing entry points to ../../build/echo_sim_v1/echo_sim_v1.egg-info/entry_points.txt
[1.061s] writing requirements to ../../build/echo_sim_v1/echo_sim_v1.egg-info/requires.txt
[1.062s] writing top-level names to ../../build/echo_sim_v1/echo_sim_v1.egg-info/top_level.txt
[1.063s] reading manifest file '../../build/echo_sim_v1/echo_sim_v1.egg-info/SOURCES.txt'
[1.063s] adding license file 'LICENSE'
[1.064s] writing manifest file '../../build/echo_sim_v1/echo_sim_v1.egg-info/SOURCES.txt'
[1.064s] running build
[1.065s] running build_py
[1.065s] running install
[1.065s] running install_lib
[1.065s] running install_data
[1.066s] copying urdf/echo_v1.urdf.xacro -> /home/cameron/Project_Echo/Educational/amr_ws/install/echo_sim_v1/share/echo_sim_v1/urdf
[1.066s] running install_egg_info
[1.068s] removing '/home/cameron/Project_Echo/Educational/amr_ws/install/echo_sim_v1/lib/python3.10/site-packages/echo_sim_v1-0.0.0-py3.10.egg-info' (and everything under it)
[1.068s] Copying ../../build/echo_sim_v1/echo_sim_v1.egg-info to /home/cameron/Project_Echo/Educational/amr_ws/install/echo_sim_v1/lib/python3.10/site-packages/echo_sim_v1-0.0.0-py3.10.egg-info
[1.069s] running install_scripts
[1.087s] writing list of installed files to '/home/cameron/Project_Echo/Educational/amr_ws/build/echo_sim_v1/install.log'
[1.133s] Invoked command in '/home/cameron/Project_Echo/Educational/amr_ws/src/echo_sim_v1' returned '0': PYTHONPATH=/home/cameron/Project_Echo/Educational/amr_ws/build/echo_sim_v1/prefix_override:/usr/lib/python3/dist-packages/colcon_core/task/python/colcon_distutils_commands:/home/cameron/Project_Echo/Educational/amr_ws/install/echo_sim_v1/lib/python3.10/site-packages:${PYTHONPATH} /usr/bin/python3 -W ignore:setup.py install is deprecated -W ignore:easy_install command is deprecated setup.py egg_info --egg-base ../../build/echo_sim_v1 build --build-base /home/cameron/Project_Echo/Educational/amr_ws/build/echo_sim_v1/build install --record /home/cameron/Project_Echo/Educational/amr_ws/build/echo_sim_v1/install.log --single-version-externally-managed install_data
