[0.077s] DEBUG:colcon:Command line arguments: ['/usr/bin/colcon', 'build']
[0.077s] DEBUG:colcon:Parsed command line arguments: Namespace(log_base=None, log_level=None, verb_name='build', build_base='build', install_base='install', merge_install=False, symlink_install=False, test_result_base=None, continue_on_error=False, executor='parallel', parallel_workers=16, event_handlers=None, ignore_user_meta=False, metas=['./colcon.meta'], base_paths=['.'], packages_ignore=None, packages_ignore_regex=None, paths=None, packages_up_to=None, packages_up_to_regex=None, packages_above=None, packages_above_and_dependencies=None, packages_above_depth=None, packages_select_by_dep=None, packages_skip_by_dep=None, packages_skip_up_to=None, packages_select_build_failed=False, packages_skip_build_finished=False, packages_select_test_failures=False, packages_skip_test_passed=False, packages_select=None, packages_skip=None, packages_select_regex=None, packages_skip_regex=None, packages_start=None, packages_end=None, allow_overriding=[], cmake_args=None, cmake_target=None, cmake_target_skip_unavailable=False, cmake_clean_cache=False, cmake_clean_first=False, cmake_force_configure=False, ament_cmake_args=None, catkin_cmake_args=None, catkin_skip_building_tests=False, verb_parser=<colcon_defaults.argument_parser.defaults.DefaultArgumentsDecorator object at 0x7f006a164d00>, verb_extension=<colcon_core.verb.build.BuildVerb object at 0x7f006a2de320>, main=<bound method BuildVerb.main of <colcon_core.verb.build.BuildVerb object at 0x7f006a2de320>>)
[0.207s] Level 1:colcon.colcon_core.package_discovery:discover_packages(colcon_meta) check parameters
[0.207s] Level 1:colcon.colcon_core.package_discovery:discover_packages(recursive) check parameters
[0.207s] Level 1:colcon.colcon_core.package_discovery:discover_packages(ignore) check parameters
[0.207s] Level 1:colcon.colcon_core.package_discovery:discover_packages(path) check parameters
[0.207s] Level 1:colcon.colcon_core.package_discovery:discover_packages(colcon_meta) discover
[0.207s] Level 1:colcon.colcon_core.package_discovery:discover_packages(recursive) discover
[0.207s] INFO:colcon.colcon_core.package_discovery:Crawling recursively for packages in '/home/cameron/Project_Echo/Educational/amr_ws'
[0.207s] Level 1:colcon.colcon_core.package_identification:_identify(.) by extensions ['ignore', 'ignore_ament_install']
[0.207s] Level 1:colcon.colcon_core.package_identification:_identify(.) by extension 'ignore'
[0.207s] Level 1:colcon.colcon_core.package_identification:_identify(.) by extension 'ignore_ament_install'
[0.207s] Level 1:colcon.colcon_core.package_identification:_identify(.) by extensions ['colcon_pkg']
[0.207s] Level 1:colcon.colcon_core.package_identification:_identify(.) by extension 'colcon_pkg'
[0.207s] Level 1:colcon.colcon_core.package_identification:_identify(.) by extensions ['colcon_meta']
[0.207s] Level 1:colcon.colcon_core.package_identification:_identify(.) by extension 'colcon_meta'
[0.207s] Level 1:colcon.colcon_core.package_identification:_identify(.) by extensions ['ros']
[0.207s] Level 1:colcon.colcon_core.package_identification:_identify(.) by extension 'ros'
[0.215s] Level 1:colcon.colcon_core.package_identification:_identify(.) by extensions ['cmake', 'python']
[0.215s] Level 1:colcon.colcon_core.package_identification:_identify(.) by extension 'cmake'
[0.215s] Level 1:colcon.colcon_core.package_identification:_identify(.) by extension 'python'
[0.215s] Level 1:colcon.colcon_core.package_identification:_identify(.) by extensions ['python_setup_py']
[0.215s] Level 1:colcon.colcon_core.package_identification:_identify(.) by extension 'python_setup_py'
[0.215s] Level 1:colcon.colcon_core.package_identification:_identify(build) by extensions ['ignore', 'ignore_ament_install']
[0.215s] Level 1:colcon.colcon_core.package_identification:_identify(build) by extension 'ignore'
[0.215s] Level 1:colcon.colcon_core.package_identification:_identify(build) ignored
[0.215s] Level 1:colcon.colcon_core.package_identification:_identify(install) by extensions ['ignore', 'ignore_ament_install']
[0.215s] Level 1:colcon.colcon_core.package_identification:_identify(install) by extension 'ignore'
[0.215s] Level 1:colcon.colcon_core.package_identification:_identify(install) ignored
[0.215s] Level 1:colcon.colcon_core.package_identification:_identify(log) by extensions ['ignore', 'ignore_ament_install']
[0.216s] Level 1:colcon.colcon_core.package_identification:_identify(log) by extension 'ignore'
[0.216s] Level 1:colcon.colcon_core.package_identification:_identify(log) ignored
[0.216s] Level 1:colcon.colcon_core.package_identification:_identify(src) by extensions ['ignore', 'ignore_ament_install']
[0.216s] Level 1:colcon.colcon_core.package_identification:_identify(src) by extension 'ignore'
[0.216s] Level 1:colcon.colcon_core.package_identification:_identify(src) by extension 'ignore_ament_install'
[0.216s] Level 1:colcon.colcon_core.package_identification:_identify(src) by extensions ['colcon_pkg']
[0.216s] Level 1:colcon.colcon_core.package_identification:_identify(src) by extension 'colcon_pkg'
[0.216s] Level 1:colcon.colcon_core.package_identification:_identify(src) by extensions ['colcon_meta']
[0.216s] Level 1:colcon.colcon_core.package_identification:_identify(src) by extension 'colcon_meta'
[0.216s] Level 1:colcon.colcon_core.package_identification:_identify(src) by extensions ['ros']
[0.216s] Level 1:colcon.colcon_core.package_identification:_identify(src) by extension 'ros'
[0.216s] Level 1:colcon.colcon_core.package_identification:_identify(src) by extensions ['cmake', 'python']
[0.216s] Level 1:colcon.colcon_core.package_identification:_identify(src) by extension 'cmake'
[0.216s] Level 1:colcon.colcon_core.package_identification:_identify(src) by extension 'python'
[0.216s] Level 1:colcon.colcon_core.package_identification:_identify(src) by extensions ['python_setup_py']
[0.216s] Level 1:colcon.colcon_core.package_identification:_identify(src) by extension 'python_setup_py'
[0.216s] Level 1:colcon.colcon_core.package_identification:_identify(src/echo_sim_v1) by extensions ['ignore', 'ignore_ament_install']
[0.216s] Level 1:colcon.colcon_core.package_identification:_identify(src/echo_sim_v1) by extension 'ignore'
[0.216s] Level 1:colcon.colcon_core.package_identification:_identify(src/echo_sim_v1) by extension 'ignore_ament_install'
[0.216s] Level 1:colcon.colcon_core.package_identification:_identify(src/echo_sim_v1) by extensions ['colcon_pkg']
[0.216s] Level 1:colcon.colcon_core.package_identification:_identify(src/echo_sim_v1) by extension 'colcon_pkg'
[0.216s] Level 1:colcon.colcon_core.package_identification:_identify(src/echo_sim_v1) by extensions ['colcon_meta']
[0.216s] Level 1:colcon.colcon_core.package_identification:_identify(src/echo_sim_v1) by extension 'colcon_meta'
[0.216s] Level 1:colcon.colcon_core.package_identification:_identify(src/echo_sim_v1) by extensions ['ros']
[0.216s] Level 1:colcon.colcon_core.package_identification:_identify(src/echo_sim_v1) by extension 'ros'
[0.218s] DEBUG:colcon.colcon_core.package_identification:Package 'src/echo_sim_v1' with type 'ros.ament_python' and name 'echo_sim_v1'
[0.218s] Level 1:colcon.colcon_core.package_identification:_identify(src/turtlebot3_gz) by extensions ['ignore', 'ignore_ament_install']
[0.218s] Level 1:colcon.colcon_core.package_identification:_identify(src/turtlebot3_gz) by extension 'ignore'
[0.218s] Level 1:colcon.colcon_core.package_identification:_identify(src/turtlebot3_gz) by extension 'ignore_ament_install'
[0.218s] Level 1:colcon.colcon_core.package_identification:_identify(src/turtlebot3_gz) by extensions ['colcon_pkg']
[0.218s] Level 1:colcon.colcon_core.package_identification:_identify(src/turtlebot3_gz) by extension 'colcon_pkg'
[0.219s] Level 1:colcon.colcon_core.package_identification:_identify(src/turtlebot3_gz) by extensions ['colcon_meta']
[0.219s] Level 1:colcon.colcon_core.package_identification:_identify(src/turtlebot3_gz) by extension 'colcon_meta'
[0.219s] Level 1:colcon.colcon_core.package_identification:_identify(src/turtlebot3_gz) by extensions ['ros']
[0.219s] Level 1:colcon.colcon_core.package_identification:_identify(src/turtlebot3_gz) by extension 'ros'
[0.219s] DEBUG:colcon.colcon_core.package_identification:Package 'src/turtlebot3_gz' with type 'ros.ament_python' and name 'turtlebot3_gz'
[0.219s] Level 1:colcon.colcon_core.package_discovery:discover_packages(recursive) using defaults
[0.219s] Level 1:colcon.colcon_core.package_discovery:discover_packages(ignore) discover
[0.219s] Level 1:colcon.colcon_core.package_discovery:discover_packages(ignore) using defaults
[0.219s] Level 1:colcon.colcon_core.package_discovery:discover_packages(path) discover
[0.219s] Level 1:colcon.colcon_core.package_discovery:discover_packages(path) using defaults
[0.240s] Level 1:colcon.colcon_core.package_discovery:discover_packages(prefix_path) check parameters
[0.240s] Level 1:colcon.colcon_core.package_discovery:discover_packages(prefix_path) discover
[0.242s] DEBUG:colcon.colcon_installed_package_information.package_discovery:Found 2 installed packages in /home/cameron/Project_Echo/Educational/amr_ws/install
[0.242s] DEBUG:colcon.colcon_installed_package_information.package_discovery:Found 2 installed packages in /home/cameron/Project_Clifford/rviz_test_ws/install
[0.243s] DEBUG:colcon.colcon_installed_package_information.package_discovery:Found 417 installed packages in /opt/ros/humble
[0.245s] Level 1:colcon.colcon_core.package_discovery:discover_packages(prefix_path) using defaults
[0.283s] Level 5:colcon.colcon_core.verb:set package 'echo_sim_v1' build argument 'cmake_args' from command line to 'None'
[0.283s] Level 5:colcon.colcon_core.verb:set package 'echo_sim_v1' build argument 'cmake_target' from command line to 'None'
[0.283s] Level 5:colcon.colcon_core.verb:set package 'echo_sim_v1' build argument 'cmake_target_skip_unavailable' from command line to 'False'
[0.283s] Level 5:colcon.colcon_core.verb:set package 'echo_sim_v1' build argument 'cmake_clean_cache' from command line to 'False'
[0.283s] Level 5:colcon.colcon_core.verb:set package 'echo_sim_v1' build argument 'cmake_clean_first' from command line to 'False'
[0.283s] Level 5:colcon.colcon_core.verb:set package 'echo_sim_v1' build argument 'cmake_force_configure' from command line to 'False'
[0.283s] Level 5:colcon.colcon_core.verb:set package 'echo_sim_v1' build argument 'ament_cmake_args' from command line to 'None'
[0.283s] Level 5:colcon.colcon_core.verb:set package 'echo_sim_v1' build argument 'catkin_cmake_args' from command line to 'None'
[0.283s] Level 5:colcon.colcon_core.verb:set package 'echo_sim_v1' build argument 'catkin_skip_building_tests' from command line to 'False'
[0.283s] DEBUG:colcon.colcon_core.verb:Building package 'echo_sim_v1' with the following arguments: {'ament_cmake_args': None, 'build_base': '/home/cameron/Project_Echo/Educational/amr_ws/build/echo_sim_v1', 'catkin_cmake_args': None, 'catkin_skip_building_tests': False, 'cmake_args': None, 'cmake_clean_cache': False, 'cmake_clean_first': False, 'cmake_force_configure': False, 'cmake_target': None, 'cmake_target_skip_unavailable': False, 'install_base': '/home/cameron/Project_Echo/Educational/amr_ws/install/echo_sim_v1', 'merge_install': False, 'path': '/home/cameron/Project_Echo/Educational/amr_ws/src/echo_sim_v1', 'symlink_install': False, 'test_result_base': None}
[0.283s] Level 5:colcon.colcon_core.verb:set package 'turtlebot3_gz' build argument 'cmake_args' from command line to 'None'
[0.283s] Level 5:colcon.colcon_core.verb:set package 'turtlebot3_gz' build argument 'cmake_target' from command line to 'None'
[0.283s] Level 5:colcon.colcon_core.verb:set package 'turtlebot3_gz' build argument 'cmake_target_skip_unavailable' from command line to 'False'
[0.283s] Level 5:colcon.colcon_core.verb:set package 'turtlebot3_gz' build argument 'cmake_clean_cache' from command line to 'False'
[0.283s] Level 5:colcon.colcon_core.verb:set package 'turtlebot3_gz' build argument 'cmake_clean_first' from command line to 'False'
[0.283s] Level 5:colcon.colcon_core.verb:set package 'turtlebot3_gz' build argument 'cmake_force_configure' from command line to 'False'
[0.283s] Level 5:colcon.colcon_core.verb:set package 'turtlebot3_gz' build argument 'ament_cmake_args' from command line to 'None'
[0.283s] Level 5:colcon.colcon_core.verb:set package 'turtlebot3_gz' build argument 'catkin_cmake_args' from command line to 'None'
[0.283s] Level 5:colcon.colcon_core.verb:set package 'turtlebot3_gz' build argument 'catkin_skip_building_tests' from command line to 'False'
[0.283s] DEBUG:colcon.colcon_core.verb:Building package 'turtlebot3_gz' with the following arguments: {'ament_cmake_args': None, 'build_base': '/home/cameron/Project_Echo/Educational/amr_ws/build/turtlebot3_gz', 'catkin_cmake_args': None, 'catkin_skip_building_tests': False, 'cmake_args': None, 'cmake_clean_cache': False, 'cmake_clean_first': False, 'cmake_force_configure': False, 'cmake_target': None, 'cmake_target_skip_unavailable': False, 'install_base': '/home/cameron/Project_Echo/Educational/amr_ws/install/turtlebot3_gz', 'merge_install': False, 'path': '/home/cameron/Project_Echo/Educational/amr_ws/src/turtlebot3_gz', 'symlink_install': False, 'test_result_base': None}
[0.284s] INFO:colcon.colcon_core.executor:Executing jobs using 'parallel' executor
[0.284s] DEBUG:colcon.colcon_parallel_executor.executor.parallel:run_until_complete
[0.285s] INFO:colcon.colcon_ros.task.ament_python.build:Building ROS package in '/home/cameron/Project_Echo/Educational/amr_ws/src/echo_sim_v1' with build type 'ament_python'
[0.285s] Level 1:colcon.colcon_core.shell:create_environment_hook('echo_sim_v1', 'ament_prefix_path')
[0.286s] INFO:colcon.colcon_core.plugin_system:Skipping extension 'colcon_core.shell.bat': Not used on non-Windows systems
[0.286s] INFO:colcon.colcon_core.shell:Creating environment hook '/home/cameron/Project_Echo/Educational/amr_ws/install/echo_sim_v1/share/echo_sim_v1/hook/ament_prefix_path.ps1'
[0.287s] INFO:colcon.colcon_core.shell:Creating environment descriptor '/home/cameron/Project_Echo/Educational/amr_ws/install/echo_sim_v1/share/echo_sim_v1/hook/ament_prefix_path.dsv'
[0.287s] INFO:colcon.colcon_core.shell:Creating environment hook '/home/cameron/Project_Echo/Educational/amr_ws/install/echo_sim_v1/share/echo_sim_v1/hook/ament_prefix_path.sh'
[0.288s] INFO:colcon.colcon_core.shell:Skip shell extension 'powershell' for command environment: Not usable outside of PowerShell
[0.288s] DEBUG:colcon.colcon_core.shell:Skip shell extension 'dsv' for command environment
[0.291s] INFO:colcon.colcon_ros.task.ament_python.build:Building ROS package in '/home/cameron/Project_Echo/Educational/amr_ws/src/turtlebot3_gz' with build type 'ament_python'
[0.292s] Level 1:colcon.colcon_core.shell:create_environment_hook('turtlebot3_gz', 'ament_prefix_path')
[0.292s] INFO:colcon.colcon_core.shell:Creating environment hook '/home/cameron/Project_Echo/Educational/amr_ws/install/turtlebot3_gz/share/turtlebot3_gz/hook/ament_prefix_path.ps1'
[0.292s] INFO:colcon.colcon_core.shell:Creating environment descriptor '/home/cameron/Project_Echo/Educational/amr_ws/install/turtlebot3_gz/share/turtlebot3_gz/hook/ament_prefix_path.dsv'
[0.292s] INFO:colcon.colcon_core.shell:Creating environment hook '/home/cameron/Project_Echo/Educational/amr_ws/install/turtlebot3_gz/share/turtlebot3_gz/hook/ament_prefix_path.sh'
[0.293s] INFO:colcon.colcon_core.shell:Skip shell extension 'powershell' for command environment: Not usable outside of PowerShell
[0.293s] DEBUG:colcon.colcon_core.shell:Skip shell extension 'dsv' for command environment
[0.494s] INFO:colcon.colcon_core.task.python.build:Building Python package in '/home/cameron/Project_Echo/Educational/amr_ws/src/echo_sim_v1'
[0.494s] INFO:colcon.colcon_core.shell:Skip shell extension 'powershell' for command environment: Not usable outside of PowerShell
[0.494s] DEBUG:colcon.colcon_core.shell:Skip shell extension 'dsv' for command environment
[0.707s] INFO:colcon.colcon_core.task.python.build:Building Python package in '/home/cameron/Project_Echo/Educational/amr_ws/src/turtlebot3_gz'
[0.707s] INFO:colcon.colcon_core.shell:Skip shell extension 'powershell' for command environment: Not usable outside of PowerShell
[0.707s] DEBUG:colcon.colcon_core.shell:Skip shell extension 'dsv' for command environment
[1.008s] DEBUG:colcon.colcon_core.event_handler.log_command:Invoking command in '/home/cameron/Project_Echo/Educational/amr_ws/src/turtlebot3_gz': PYTHONPATH=/home/cameron/Project_Echo/Educational/amr_ws/build/turtlebot3_gz/prefix_override:/usr/lib/python3/dist-packages/colcon_core/task/python/colcon_distutils_commands:/home/cameron/Project_Echo/Educational/amr_ws/install/turtlebot3_gz/lib/python3.10/site-packages:${PYTHONPATH} /usr/bin/python3 -W ignore:setup.py install is deprecated -W ignore:easy_install command is deprecated setup.py egg_info --egg-base ../../build/turtlebot3_gz build --build-base /home/cameron/Project_Echo/Educational/amr_ws/build/turtlebot3_gz/build install --record /home/cameron/Project_Echo/Educational/amr_ws/build/turtlebot3_gz/install.log --single-version-externally-managed install_data
[1.010s] DEBUG:colcon.colcon_core.event_handler.log_command:Invoking command in '/home/cameron/Project_Echo/Educational/amr_ws/src/echo_sim_v1': PYTHONPATH=/home/cameron/Project_Echo/Educational/amr_ws/build/echo_sim_v1/prefix_override:/usr/lib/python3/dist-packages/colcon_core/task/python/colcon_distutils_commands:/home/cameron/Project_Echo/Educational/amr_ws/install/echo_sim_v1/lib/python3.10/site-packages:${PYTHONPATH} /usr/bin/python3 -W ignore:setup.py install is deprecated -W ignore:easy_install command is deprecated setup.py egg_info --egg-base ../../build/echo_sim_v1 build --build-base /home/cameron/Project_Echo/Educational/amr_ws/build/echo_sim_v1/build install --record /home/cameron/Project_Echo/Educational/amr_ws/build/echo_sim_v1/install.log --single-version-externally-managed install_data
[1.251s] DEBUG:colcon.colcon_core.event_handler.log_command:Invoked command in '/home/cameron/Project_Echo/Educational/amr_ws/src/echo_sim_v1' returned '0': PYTHONPATH=/home/cameron/Project_Echo/Educational/amr_ws/build/echo_sim_v1/prefix_override:/usr/lib/python3/dist-packages/colcon_core/task/python/colcon_distutils_commands:/home/cameron/Project_Echo/Educational/amr_ws/install/echo_sim_v1/lib/python3.10/site-packages:${PYTHONPATH} /usr/bin/python3 -W ignore:setup.py install is deprecated -W ignore:easy_install command is deprecated setup.py egg_info --egg-base ../../build/echo_sim_v1 build --build-base /home/cameron/Project_Echo/Educational/amr_ws/build/echo_sim_v1/build install --record /home/cameron/Project_Echo/Educational/amr_ws/build/echo_sim_v1/install.log --single-version-externally-managed install_data
[1.253s] Level 1:colcon.colcon_core.environment:checking '/home/cameron/Project_Echo/Educational/amr_ws/install/echo_sim_v1' for CMake module files
[1.253s] Level 1:colcon.colcon_core.environment:checking '/home/cameron/Project_Echo/Educational/amr_ws/install/echo_sim_v1' for CMake config files
[1.254s] Level 1:colcon.colcon_core.environment:checking '/home/cameron/Project_Echo/Educational/amr_ws/install/echo_sim_v1/lib'
[1.254s] Level 1:colcon.colcon_core.environment:checking '/home/cameron/Project_Echo/Educational/amr_ws/install/echo_sim_v1/bin'
[1.254s] Level 1:colcon.colcon_core.environment:checking '/home/cameron/Project_Echo/Educational/amr_ws/install/echo_sim_v1/lib/pkgconfig/echo_sim_v1.pc'
[1.254s] Level 1:colcon.colcon_core.environment:checking '/home/cameron/Project_Echo/Educational/amr_ws/install/echo_sim_v1/lib/python3.10/site-packages'
[1.254s] Level 1:colcon.colcon_core.shell:create_environment_hook('echo_sim_v1', 'pythonpath')
[1.255s] INFO:colcon.colcon_core.shell:Creating environment hook '/home/cameron/Project_Echo/Educational/amr_ws/install/echo_sim_v1/share/echo_sim_v1/hook/pythonpath.ps1'
[1.255s] INFO:colcon.colcon_core.shell:Creating environment descriptor '/home/cameron/Project_Echo/Educational/amr_ws/install/echo_sim_v1/share/echo_sim_v1/hook/pythonpath.dsv'
[1.255s] INFO:colcon.colcon_core.shell:Creating environment hook '/home/cameron/Project_Echo/Educational/amr_ws/install/echo_sim_v1/share/echo_sim_v1/hook/pythonpath.sh'
[1.256s] Level 1:colcon.colcon_core.environment:checking '/home/cameron/Project_Echo/Educational/amr_ws/install/echo_sim_v1/bin'
[1.256s] Level 1:colcon.colcon_core.environment:create_environment_scripts_only(echo_sim_v1)
[1.256s] INFO:colcon.colcon_core.shell:Creating package script '/home/cameron/Project_Echo/Educational/amr_ws/install/echo_sim_v1/share/echo_sim_v1/package.ps1'
[1.257s] INFO:colcon.colcon_core.shell:Creating package descriptor '/home/cameron/Project_Echo/Educational/amr_ws/install/echo_sim_v1/share/echo_sim_v1/package.dsv'
[1.257s] INFO:colcon.colcon_core.shell:Creating package script '/home/cameron/Project_Echo/Educational/amr_ws/install/echo_sim_v1/share/echo_sim_v1/package.sh'
[1.258s] INFO:colcon.colcon_core.shell:Creating package script '/home/cameron/Project_Echo/Educational/amr_ws/install/echo_sim_v1/share/echo_sim_v1/package.bash'
[1.258s] INFO:colcon.colcon_core.shell:Creating package script '/home/cameron/Project_Echo/Educational/amr_ws/install/echo_sim_v1/share/echo_sim_v1/package.zsh'
[1.259s] Level 1:colcon.colcon_core.environment:create_file_with_runtime_dependencies(/home/cameron/Project_Echo/Educational/amr_ws/install/echo_sim_v1/share/colcon-core/packages/echo_sim_v1)
[1.260s] Level 1:colcon.colcon_core.environment:checking '/home/cameron/Project_Echo/Educational/amr_ws/install/turtlebot3_gz' for CMake module files
[1.260s] DEBUG:colcon.colcon_core.event_handler.log_command:Invoked command in '/home/cameron/Project_Echo/Educational/amr_ws/src/turtlebot3_gz' returned '0': PYTHONPATH=/home/cameron/Project_Echo/Educational/amr_ws/build/turtlebot3_gz/prefix_override:/usr/lib/python3/dist-packages/colcon_core/task/python/colcon_distutils_commands:/home/cameron/Project_Echo/Educational/amr_ws/install/turtlebot3_gz/lib/python3.10/site-packages:${PYTHONPATH} /usr/bin/python3 -W ignore:setup.py install is deprecated -W ignore:easy_install command is deprecated setup.py egg_info --egg-base ../../build/turtlebot3_gz build --build-base /home/cameron/Project_Echo/Educational/amr_ws/build/turtlebot3_gz/build install --record /home/cameron/Project_Echo/Educational/amr_ws/build/turtlebot3_gz/install.log --single-version-externally-managed install_data
[1.260s] Level 1:colcon.colcon_core.environment:checking '/home/cameron/Project_Echo/Educational/amr_ws/install/turtlebot3_gz' for CMake config files
[1.261s] Level 1:colcon.colcon_core.environment:checking '/home/cameron/Project_Echo/Educational/amr_ws/install/turtlebot3_gz/lib'
[1.261s] Level 1:colcon.colcon_core.environment:checking '/home/cameron/Project_Echo/Educational/amr_ws/install/turtlebot3_gz/bin'
[1.261s] Level 1:colcon.colcon_core.environment:checking '/home/cameron/Project_Echo/Educational/amr_ws/install/turtlebot3_gz/lib/pkgconfig/turtlebot3_gz.pc'
[1.261s] Level 1:colcon.colcon_core.environment:checking '/home/cameron/Project_Echo/Educational/amr_ws/install/turtlebot3_gz/lib/python3.10/site-packages'
[1.261s] Level 1:colcon.colcon_core.shell:create_environment_hook('turtlebot3_gz', 'pythonpath')
[1.261s] INFO:colcon.colcon_core.shell:Creating environment hook '/home/cameron/Project_Echo/Educational/amr_ws/install/turtlebot3_gz/share/turtlebot3_gz/hook/pythonpath.ps1'
[1.262s] INFO:colcon.colcon_core.shell:Creating environment descriptor '/home/cameron/Project_Echo/Educational/amr_ws/install/turtlebot3_gz/share/turtlebot3_gz/hook/pythonpath.dsv'
[1.262s] INFO:colcon.colcon_core.shell:Creating environment hook '/home/cameron/Project_Echo/Educational/amr_ws/install/turtlebot3_gz/share/turtlebot3_gz/hook/pythonpath.sh'
[1.262s] Level 1:colcon.colcon_core.environment:checking '/home/cameron/Project_Echo/Educational/amr_ws/install/turtlebot3_gz/bin'
[1.263s] Level 1:colcon.colcon_core.environment:create_environment_scripts_only(turtlebot3_gz)
[1.263s] INFO:colcon.colcon_core.shell:Creating package script '/home/cameron/Project_Echo/Educational/amr_ws/install/turtlebot3_gz/share/turtlebot3_gz/package.ps1'
[1.263s] INFO:colcon.colcon_core.shell:Creating package descriptor '/home/cameron/Project_Echo/Educational/amr_ws/install/turtlebot3_gz/share/turtlebot3_gz/package.dsv'
[1.263s] INFO:colcon.colcon_core.shell:Creating package script '/home/cameron/Project_Echo/Educational/amr_ws/install/turtlebot3_gz/share/turtlebot3_gz/package.sh'
[1.264s] INFO:colcon.colcon_core.shell:Creating package script '/home/cameron/Project_Echo/Educational/amr_ws/install/turtlebot3_gz/share/turtlebot3_gz/package.bash'
[1.264s] INFO:colcon.colcon_core.shell:Creating package script '/home/cameron/Project_Echo/Educational/amr_ws/install/turtlebot3_gz/share/turtlebot3_gz/package.zsh'
[1.264s] Level 1:colcon.colcon_core.environment:create_file_with_runtime_dependencies(/home/cameron/Project_Echo/Educational/amr_ws/install/turtlebot3_gz/share/colcon-core/packages/turtlebot3_gz)
[1.264s] DEBUG:colcon.colcon_parallel_executor.executor.parallel:closing loop
[1.265s] DEBUG:colcon.colcon_parallel_executor.executor.parallel:loop closed
[1.265s] DEBUG:colcon.colcon_parallel_executor.executor.parallel:run_until_complete finished with '0'
[1.265s] DEBUG:colcon.colcon_core.event_reactor:joining thread
[1.269s] INFO:colcon.colcon_core.plugin_system:Skipping extension 'colcon_notification.desktop_notification.terminal_notifier': Not used on non-Darwin systems
[1.269s] INFO:colcon.colcon_core.plugin_system:Skipping extension 'colcon_notification.desktop_notification.win32': Not used on non-Windows systems
[1.269s] INFO:colcon.colcon_notification.desktop_notification:Sending desktop notification using 'notify2'
[1.280s] DEBUG:colcon.colcon_core.event_reactor:joined thread
[1.280s] INFO:colcon.colcon_core.shell:Creating prefix script '/home/cameron/Project_Echo/Educational/amr_ws/install/local_setup.ps1'
[1.281s] INFO:colcon.colcon_core.shell:Creating prefix util module '/home/cameron/Project_Echo/Educational/amr_ws/install/_local_setup_util_ps1.py'
[1.282s] INFO:colcon.colcon_core.shell:Creating prefix chain script '/home/cameron/Project_Echo/Educational/amr_ws/install/setup.ps1'
[1.283s] INFO:colcon.colcon_core.shell:Creating prefix script '/home/cameron/Project_Echo/Educational/amr_ws/install/local_setup.sh'
[1.283s] INFO:colcon.colcon_core.shell:Creating prefix util module '/home/cameron/Project_Echo/Educational/amr_ws/install/_local_setup_util_sh.py'
[1.284s] INFO:colcon.colcon_core.shell:Creating prefix chain script '/home/cameron/Project_Echo/Educational/amr_ws/install/setup.sh'
[1.285s] INFO:colcon.colcon_core.shell:Creating prefix script '/home/cameron/Project_Echo/Educational/amr_ws/install/local_setup.bash'
[1.286s] INFO:colcon.colcon_core.shell:Creating prefix chain script '/home/cameron/Project_Echo/Educational/amr_ws/install/setup.bash'
[1.286s] INFO:colcon.colcon_core.shell:Creating prefix script '/home/cameron/Project_Echo/Educational/amr_ws/install/local_setup.zsh'
[1.287s] INFO:colcon.colcon_core.shell:Creating prefix chain script '/home/cameron/Project_Echo/Educational/amr_ws/install/setup.zsh'
