/home/cameron/Project_Echo/Educational/amr_ws/install/turtlebot3_gz/lib/python3.10/site-packages/turtlebot3_gz/__init__.py
/home/cameron/Project_Echo/Educational/amr_ws/install/turtlebot3_gz/lib/python3.10/site-packages/turtlebot3_gz/__pycache__/__init__.cpython-310.pyc
/home/cameron/Project_Echo/Educational/amr_ws/install/turtlebot3_gz/share/ament_index/resource_index/packages/turtlebot3_gz
/home/cameron/Project_Echo/Educational/amr_ws/install/turtlebot3_gz/share/turtlebot3_gz/package.xml
/home/cameron/Project_Echo/Educational/amr_ws/install/turtlebot3_gz/share/turtlebot3_gz/launch/turtlebot_simple_rviz.launch.py
/home/cameron/Project_Echo/Educational/amr_ws/install/turtlebot3_gz/share/turtlebot3_gz/config
/home/cameron/Project_Echo/Educational/amr_ws/install/turtlebot3_gz/share/turtlebot3_gz/worlds
/home/cameron/Project_Echo/Educational/amr_ws/install/turtlebot3_gz/share/turtlebot3_gz/models
/home/cameron/Project_Echo/Educational/amr_ws/install/turtlebot3_gz/share/turtlebot3_gz/rviz/tb3_gazebo.rviz
/home/cameron/Project_Echo/Educational/amr_ws/install/turtlebot3_gz/share/turtlebot3_gz/urdf/turtlebot3_waffle.urdf
/home/cameron/Project_Echo/Educational/amr_ws/install/turtlebot3_gz/share/turtlebot3_gz/urdf/turtlebot_simple.urdf
/home/cameron/Project_Echo/Educational/amr_ws/install/turtlebot3_gz/share/turtlebot3_gz/meshes/waffle_pi_base.dae
/home/cameron/Project_Echo/Educational/amr_ws/install/turtlebot3_gz/share/turtlebot3_gz/meshes/lds.dae
/home/cameron/Project_Echo/Educational/amr_ws/install/turtlebot3_gz/share/turtlebot3_gz/meshes/burger_base.dae
/home/cameron/Project_Echo/Educational/amr_ws/install/turtlebot3_gz/share/turtlebot3_gz/meshes/r200.dae
/home/cameron/Project_Echo/Educational/amr_ws/install/turtlebot3_gz/share/turtlebot3_gz/meshes/tire.dae
/home/cameron/Project_Echo/Educational/amr_ws/install/turtlebot3_gz/share/turtlebot3_gz/meshes/waffle_base.dae
/home/cameron/Project_Echo/Educational/amr_ws/install/turtlebot3_gz/lib/python3.10/site-packages/turtlebot3_gz-0.0.0-py3.10.egg-info/dependency_links.txt
/home/cameron/Project_Echo/Educational/amr_ws/install/turtlebot3_gz/lib/python3.10/site-packages/turtlebot3_gz-0.0.0-py3.10.egg-info/entry_points.txt
/home/cameron/Project_Echo/Educational/amr_ws/install/turtlebot3_gz/lib/python3.10/site-packages/turtlebot3_gz-0.0.0-py3.10.egg-info/PKG-INFO
/home/cameron/Project_Echo/Educational/amr_ws/install/turtlebot3_gz/lib/python3.10/site-packages/turtlebot3_gz-0.0.0-py3.10.egg-info/SOURCES.txt
/home/cameron/Project_Echo/Educational/amr_ws/install/turtlebot3_gz/lib/python3.10/site-packages/turtlebot3_gz-0.0.0-py3.10.egg-info/requires.txt
/home/cameron/Project_Echo/Educational/amr_ws/install/turtlebot3_gz/lib/python3.10/site-packages/turtlebot3_gz-0.0.0-py3.10.egg-info/top_level.txt
/home/cameron/Project_Echo/Educational/amr_ws/install/turtlebot3_gz/lib/python3.10/site-packages/turtlebot3_gz-0.0.0-py3.10.egg-info/zip-safe
