running egg_info
creating build/echo_sim_v1/echo_sim_v1.egg-info
writing build/echo_sim_v1/echo_sim_v1.egg-info/PKG-INFO
writing dependency_links to build/echo_sim_v1/echo_sim_v1.egg-info/dependency_links.txt
writing entry points to build/echo_sim_v1/echo_sim_v1.egg-info/entry_points.txt
writing requirements to build/echo_sim_v1/echo_sim_v1.egg-info/requires.txt
writing top-level names to build/echo_sim_v1/echo_sim_v1.egg-info/top_level.txt
writing manifest file 'build/echo_sim_v1/echo_sim_v1.egg-info/SOURCES.txt'
reading manifest file 'build/echo_sim_v1/echo_sim_v1.egg-info/SOURCES.txt'
adding license file 'LICENSE'
writing manifest file 'build/echo_sim_v1/echo_sim_v1.egg-info/SOURCES.txt'
running build
running build_py
creating /home/cameron/Project_Echo/Educational/amr_ws/src/echo_sim_v1/build/echo_sim_v1/build
creating /home/cameron/Project_Echo/Educational/amr_ws/src/echo_sim_v1/build/echo_sim_v1/build/lib
creating /home/cameron/Project_Echo/Educational/amr_ws/src/echo_sim_v1/build/echo_sim_v1/build/lib/echo_sim_v1
copying echo_sim_v1/__init__.py -> /home/cameron/Project_Echo/Educational/amr_ws/src/echo_sim_v1/build/echo_sim_v1/build/lib/echo_sim_v1
running install
running install_lib
creating /home/cameron/Project_Echo/Educational/amr_ws/src/echo_sim_v1/install/echo_sim_v1/lib/python3.10/site-packages/echo_sim_v1
copying /home/cameron/Project_Echo/Educational/amr_ws/src/echo_sim_v1/build/echo_sim_v1/build/lib/echo_sim_v1/__init__.py -> /home/cameron/Project_Echo/Educational/amr_ws/src/echo_sim_v1/install/echo_sim_v1/lib/python3.10/site-packages/echo_sim_v1
byte-compiling /home/cameron/Project_Echo/Educational/amr_ws/src/echo_sim_v1/install/echo_sim_v1/lib/python3.10/site-packages/echo_sim_v1/__init__.py to __init__.cpython-310.pyc
running install_data
creating /home/cameron/Project_Echo/Educational/amr_ws/src/echo_sim_v1/install/echo_sim_v1/share/ament_index
creating /home/cameron/Project_Echo/Educational/amr_ws/src/echo_sim_v1/install/echo_sim_v1/share/ament_index/resource_index
creating /home/cameron/Project_Echo/Educational/amr_ws/src/echo_sim_v1/install/echo_sim_v1/share/ament_index/resource_index/packages
copying resource/echo_sim_v1 -> /home/cameron/Project_Echo/Educational/amr_ws/src/echo_sim_v1/install/echo_sim_v1/share/ament_index/resource_index/packages
copying package.xml -> /home/cameron/Project_Echo/Educational/amr_ws/src/echo_sim_v1/install/echo_sim_v1/share/echo_sim_v1
creating /home/cameron/Project_Echo/Educational/amr_ws/src/echo_sim_v1/install/echo_sim_v1/share/echo_sim_v1/launch
copying launch/robot_spawn.launch.py -> /home/cameron/Project_Echo/Educational/amr_ws/src/echo_sim_v1/install/echo_sim_v1/share/echo_sim_v1/launch
copying launch/gazebo.launch.py -> /home/cameron/Project_Echo/Educational/amr_ws/src/echo_sim_v1/install/echo_sim_v1/share/echo_sim_v1/launch
copying launch/echo_v1_rviz.launch.py -> /home/cameron/Project_Echo/Educational/amr_ws/src/echo_sim_v1/install/echo_sim_v1/share/echo_sim_v1/launch
creating /home/cameron/Project_Echo/Educational/amr_ws/src/echo_sim_v1/install/echo_sim_v1/share/echo_sim_v1/config
creating /home/cameron/Project_Echo/Educational/amr_ws/src/echo_sim_v1/install/echo_sim_v1/share/echo_sim_v1/worlds
creating /home/cameron/Project_Echo/Educational/amr_ws/src/echo_sim_v1/install/echo_sim_v1/share/echo_sim_v1/models
creating /home/cameron/Project_Echo/Educational/amr_ws/src/echo_sim_v1/install/echo_sim_v1/share/echo_sim_v1/rviz
copying rviz/echo_v1_gazebo.rviz -> /home/cameron/Project_Echo/Educational/amr_ws/src/echo_sim_v1/install/echo_sim_v1/share/echo_sim_v1/rviz
creating /home/cameron/Project_Echo/Educational/amr_ws/src/echo_sim_v1/install/echo_sim_v1/share/echo_sim_v1/urdf
copying urdf/my_robot.urdf -> /home/cameron/Project_Echo/Educational/amr_ws/src/echo_sim_v1/install/echo_sim_v1/share/echo_sim_v1/urdf
copying urdf/echo_v1.urdf.xacro -> /home/cameron/Project_Echo/Educational/amr_ws/src/echo_sim_v1/install/echo_sim_v1/share/echo_sim_v1/urdf
copying urdf/test_world.sdf -> /home/cameron/Project_Echo/Educational/amr_ws/src/echo_sim_v1/install/echo_sim_v1/share/echo_sim_v1/urdf
copying urdf/my_robot.sdf -> /home/cameron/Project_Echo/Educational/amr_ws/src/echo_sim_v1/install/echo_sim_v1/share/echo_sim_v1/urdf
error: can't copy 'urdf/gazebo_tutorials': doesn't exist or not a regular file
