[0.497s] Invoking command in '/home/cameron/Project_Echo/Educational/amr_ws/src/echo_sim_v1': PYTHONPATH=/home/cameron/Project_Echo/Educational/amr_ws/src/echo_sim_v1/build/echo_sim_v1/prefix_override:/usr/lib/python3/dist-packages/colcon_core/task/python/colcon_distutils_commands:/home/cameron/Project_Echo/Educational/amr_ws/src/echo_sim_v1/install/echo_sim_v1/lib/python3.10/site-packages:${PYTHONPATH} /usr/bin/python3 -W ignore:setup.py install is deprecated -W ignore:easy_install command is deprecated setup.py egg_info --egg-base build/echo_sim_v1 build --build-base /home/cameron/Project_Echo/Educational/amr_ws/src/echo_sim_v1/build/echo_sim_v1/build install --record /home/cameron/Project_Echo/Educational/amr_ws/src/echo_sim_v1/build/echo_sim_v1/install.log --single-version-externally-managed install_data
[0.685s] running egg_info
[0.685s] creating build/echo_sim_v1/echo_sim_v1.egg-info
[0.685s] writing build/echo_sim_v1/echo_sim_v1.egg-info/PKG-INFO
[0.685s] writing dependency_links to build/echo_sim_v1/echo_sim_v1.egg-info/dependency_links.txt
[0.685s] writing entry points to build/echo_sim_v1/echo_sim_v1.egg-info/entry_points.txt
[0.686s] writing requirements to build/echo_sim_v1/echo_sim_v1.egg-info/requires.txt
[0.686s] writing top-level names to build/echo_sim_v1/echo_sim_v1.egg-info/top_level.txt
[0.686s] writing manifest file 'build/echo_sim_v1/echo_sim_v1.egg-info/SOURCES.txt'
[0.687s] reading manifest file 'build/echo_sim_v1/echo_sim_v1.egg-info/SOURCES.txt'
[0.687s] adding license file 'LICENSE'
[0.687s] writing manifest file 'build/echo_sim_v1/echo_sim_v1.egg-info/SOURCES.txt'
[0.687s] running build
[0.688s] running build_py
[0.688s] creating /home/cameron/Project_Echo/Educational/amr_ws/src/echo_sim_v1/build/echo_sim_v1/build
[0.688s] creating /home/cameron/Project_Echo/Educational/amr_ws/src/echo_sim_v1/build/echo_sim_v1/build/lib
[0.688s] creating /home/cameron/Project_Echo/Educational/amr_ws/src/echo_sim_v1/build/echo_sim_v1/build/lib/echo_sim_v1
[0.688s] copying echo_sim_v1/__init__.py -> /home/cameron/Project_Echo/Educational/amr_ws/src/echo_sim_v1/build/echo_sim_v1/build/lib/echo_sim_v1
[0.688s] running install
[0.688s] running install_lib
[0.689s] creating /home/cameron/Project_Echo/Educational/amr_ws/src/echo_sim_v1/install/echo_sim_v1/lib/python3.10/site-packages/echo_sim_v1
[0.689s] copying /home/cameron/Project_Echo/Educational/amr_ws/src/echo_sim_v1/build/echo_sim_v1/build/lib/echo_sim_v1/__init__.py -> /home/cameron/Project_Echo/Educational/amr_ws/src/echo_sim_v1/install/echo_sim_v1/lib/python3.10/site-packages/echo_sim_v1
[0.689s] byte-compiling /home/cameron/Project_Echo/Educational/amr_ws/src/echo_sim_v1/install/echo_sim_v1/lib/python3.10/site-packages/echo_sim_v1/__init__.py to __init__.cpython-310.pyc
[0.689s] running install_data
[0.689s] creating /home/cameron/Project_Echo/Educational/amr_ws/src/echo_sim_v1/install/echo_sim_v1/share/ament_index
[0.689s] creating /home/cameron/Project_Echo/Educational/amr_ws/src/echo_sim_v1/install/echo_sim_v1/share/ament_index/resource_index
[0.689s] creating /home/cameron/Project_Echo/Educational/amr_ws/src/echo_sim_v1/install/echo_sim_v1/share/ament_index/resource_index/packages
[0.689s] copying resource/echo_sim_v1 -> /home/cameron/Project_Echo/Educational/amr_ws/src/echo_sim_v1/install/echo_sim_v1/share/ament_index/resource_index/packages
[0.690s] copying package.xml -> /home/cameron/Project_Echo/Educational/amr_ws/src/echo_sim_v1/install/echo_sim_v1/share/echo_sim_v1
[0.690s] creating /home/cameron/Project_Echo/Educational/amr_ws/src/echo_sim_v1/install/echo_sim_v1/share/echo_sim_v1/launch
[0.690s] copying launch/robot_spawn.launch.py -> /home/cameron/Project_Echo/Educational/amr_ws/src/echo_sim_v1/install/echo_sim_v1/share/echo_sim_v1/launch
[0.690s] copying launch/gazebo.launch.py -> /home/cameron/Project_Echo/Educational/amr_ws/src/echo_sim_v1/install/echo_sim_v1/share/echo_sim_v1/launch
[0.690s] copying launch/echo_v1_rviz.launch.py -> /home/cameron/Project_Echo/Educational/amr_ws/src/echo_sim_v1/install/echo_sim_v1/share/echo_sim_v1/launch
[0.690s] creating /home/cameron/Project_Echo/Educational/amr_ws/src/echo_sim_v1/install/echo_sim_v1/share/echo_sim_v1/config
[0.690s] creating /home/cameron/Project_Echo/Educational/amr_ws/src/echo_sim_v1/install/echo_sim_v1/share/echo_sim_v1/worlds
[0.690s] creating /home/cameron/Project_Echo/Educational/amr_ws/src/echo_sim_v1/install/echo_sim_v1/share/echo_sim_v1/models
[0.690s] creating /home/cameron/Project_Echo/Educational/amr_ws/src/echo_sim_v1/install/echo_sim_v1/share/echo_sim_v1/rviz
[0.690s] copying rviz/echo_v1_gazebo.rviz -> /home/cameron/Project_Echo/Educational/amr_ws/src/echo_sim_v1/install/echo_sim_v1/share/echo_sim_v1/rviz
[0.690s] creating /home/cameron/Project_Echo/Educational/amr_ws/src/echo_sim_v1/install/echo_sim_v1/share/echo_sim_v1/urdf
[0.690s] copying urdf/my_robot.urdf -> /home/cameron/Project_Echo/Educational/amr_ws/src/echo_sim_v1/install/echo_sim_v1/share/echo_sim_v1/urdf
[0.690s] copying urdf/echo_v1.urdf.xacro -> /home/cameron/Project_Echo/Educational/amr_ws/src/echo_sim_v1/install/echo_sim_v1/share/echo_sim_v1/urdf
[0.691s] copying urdf/test_world.sdf -> /home/cameron/Project_Echo/Educational/amr_ws/src/echo_sim_v1/install/echo_sim_v1/share/echo_sim_v1/urdf
[0.691s] copying urdf/my_robot.sdf -> /home/cameron/Project_Echo/Educational/amr_ws/src/echo_sim_v1/install/echo_sim_v1/share/echo_sim_v1/urdf
[0.691s] error: can't copy 'urdf/gazebo_tutorials': doesn't exist or not a regular file
[0.704s] Invoked command in '/home/cameron/Project_Echo/Educational/amr_ws/src/echo_sim_v1' returned '1': PYTHONPATH=/home/cameron/Project_Echo/Educational/amr_ws/src/echo_sim_v1/build/echo_sim_v1/prefix_override:/usr/lib/python3/dist-packages/colcon_core/task/python/colcon_distutils_commands:/home/cameron/Project_Echo/Educational/amr_ws/src/echo_sim_v1/install/echo_sim_v1/lib/python3.10/site-packages:${PYTHONPATH} /usr/bin/python3 -W ignore:setup.py install is deprecated -W ignore:easy_install command is deprecated setup.py egg_info --egg-base build/echo_sim_v1 build --build-base /home/cameron/Project_Echo/Educational/amr_ws/src/echo_sim_v1/build/echo_sim_v1/build install --record /home/cameron/Project_Echo/Educational/amr_ws/src/echo_sim_v1/build/echo_sim_v1/install.log --single-version-externally-managed install_data
