[0.741s] Invoking command in '/home/cameron/Project_Echo/Educational/amr_ws/src/echo_sim_v1': PYTHONPATH=/home/cameron/Project_Echo/Educational/amr_ws/build/echo_sim_v1/prefix_override:/usr/lib/python3/dist-packages/colcon_core/task/python/colcon_distutils_commands:/home/cameron/Project_Echo/Educational/amr_ws/install/echo_sim_v1/lib/python3.10/site-packages:${PYTHONPATH} /usr/bin/python3 -W ignore:setup.py install is deprecated -W ignore:easy_install command is deprecated setup.py egg_info --egg-base ../../build/echo_sim_v1 build --build-base /home/cameron/Project_Echo/Educational/amr_ws/build/echo_sim_v1/build install --record /home/cameron/Project_Echo/Educational/amr_ws/build/echo_sim_v1/install.log --single-version-externally-managed install_data
[0.944s] running egg_info
[0.944s] creating ../../build/echo_sim_v1/echo_sim_v1.egg-info
[0.944s] writing ../../build/echo_sim_v1/echo_sim_v1.egg-info/PKG-INFO
[0.944s] writing dependency_links to ../../build/echo_sim_v1/echo_sim_v1.egg-info/dependency_links.txt
[0.944s] writing entry points to ../../build/echo_sim_v1/echo_sim_v1.egg-info/entry_points.txt
[0.944s] writing requirements to ../../build/echo_sim_v1/echo_sim_v1.egg-info/requires.txt
[0.944s] writing top-level names to ../../build/echo_sim_v1/echo_sim_v1.egg-info/top_level.txt
[0.945s] writing manifest file '../../build/echo_sim_v1/echo_sim_v1.egg-info/SOURCES.txt'
[0.946s] reading manifest file '../../build/echo_sim_v1/echo_sim_v1.egg-info/SOURCES.txt'
[0.946s] adding license file 'LICENSE'
[0.946s] writing manifest file '../../build/echo_sim_v1/echo_sim_v1.egg-info/SOURCES.txt'
[0.946s] running build
[0.946s] running build_py
[0.947s] creating /home/cameron/Project_Echo/Educational/amr_ws/build/echo_sim_v1/build
[0.947s] creating /home/cameron/Project_Echo/Educational/amr_ws/build/echo_sim_v1/build/lib
[0.947s] creating /home/cameron/Project_Echo/Educational/amr_ws/build/echo_sim_v1/build/lib/echo_sim_v1
[0.947s] copying echo_sim_v1/__init__.py -> /home/cameron/Project_Echo/Educational/amr_ws/build/echo_sim_v1/build/lib/echo_sim_v1
[0.947s] running install
[0.947s] running install_lib
[0.947s] creating /home/cameron/Project_Echo/Educational/amr_ws/install/echo_sim_v1/lib/python3.10/site-packages/echo_sim_v1
[0.948s] copying /home/cameron/Project_Echo/Educational/amr_ws/build/echo_sim_v1/build/lib/echo_sim_v1/__init__.py -> /home/cameron/Project_Echo/Educational/amr_ws/install/echo_sim_v1/lib/python3.10/site-packages/echo_sim_v1
[0.948s] byte-compiling /home/cameron/Project_Echo/Educational/amr_ws/install/echo_sim_v1/lib/python3.10/site-packages/echo_sim_v1/__init__.py to __init__.cpython-310.pyc
[0.948s] running install_data
[0.948s] creating /home/cameron/Project_Echo/Educational/amr_ws/install/echo_sim_v1/share/ament_index
[0.948s] creating /home/cameron/Project_Echo/Educational/amr_ws/install/echo_sim_v1/share/ament_index/resource_index
[0.948s] creating /home/cameron/Project_Echo/Educational/amr_ws/install/echo_sim_v1/share/ament_index/resource_index/packages
[0.948s] copying resource/echo_sim_v1 -> /home/cameron/Project_Echo/Educational/amr_ws/install/echo_sim_v1/share/ament_index/resource_index/packages
[0.948s] copying package.xml -> /home/cameron/Project_Echo/Educational/amr_ws/install/echo_sim_v1/share/echo_sim_v1
[0.949s] creating /home/cameron/Project_Echo/Educational/amr_ws/install/echo_sim_v1/share/echo_sim_v1/launch
[0.949s] copying launch/echo_v1_rviz.launch.py -> /home/cameron/Project_Echo/Educational/amr_ws/install/echo_sim_v1/share/echo_sim_v1/launch
[0.949s] creating /home/cameron/Project_Echo/Educational/amr_ws/install/echo_sim_v1/share/echo_sim_v1/config
[0.949s] creating /home/cameron/Project_Echo/Educational/amr_ws/install/echo_sim_v1/share/echo_sim_v1/worlds
[0.949s] creating /home/cameron/Project_Echo/Educational/amr_ws/install/echo_sim_v1/share/echo_sim_v1/models
[0.949s] creating /home/cameron/Project_Echo/Educational/amr_ws/install/echo_sim_v1/share/echo_sim_v1/rviz
[0.949s] copying rviz/echo_v1_gazebo.rviz -> /home/cameron/Project_Echo/Educational/amr_ws/install/echo_sim_v1/share/echo_sim_v1/rviz
[0.949s] creating /home/cameron/Project_Echo/Educational/amr_ws/install/echo_sim_v1/share/echo_sim_v1/urdf
[0.949s] copying urdf/echo_v1.urdf -> /home/cameron/Project_Echo/Educational/amr_ws/install/echo_sim_v1/share/echo_sim_v1/urdf
[0.949s] creating /home/cameron/Project_Echo/Educational/amr_ws/install/echo_sim_v1/share/echo_sim_v1/meshes
[0.949s] copying meshes/left_wheel_link.STL -> /home/cameron/Project_Echo/Educational/amr_ws/install/echo_sim_v1/share/echo_sim_v1/meshes
[0.950s] copying meshes/lidar_link.STL -> /home/cameron/Project_Echo/Educational/amr_ws/install/echo_sim_v1/share/echo_sim_v1/meshes
[0.950s] copying meshes/base_link.STL -> /home/cameron/Project_Echo/Educational/amr_ws/install/echo_sim_v1/share/echo_sim_v1/meshes
[0.950s] copying meshes/right_wheel_link.STL -> /home/cameron/Project_Echo/Educational/amr_ws/install/echo_sim_v1/share/echo_sim_v1/meshes
[0.951s] copying meshes/caster_wheel_link.STL -> /home/cameron/Project_Echo/Educational/amr_ws/install/echo_sim_v1/share/echo_sim_v1/meshes
[0.951s] copying meshes/camera_link.STL -> /home/cameron/Project_Echo/Educational/amr_ws/install/echo_sim_v1/share/echo_sim_v1/meshes
[0.951s] running install_egg_info
[0.953s] Copying ../../build/echo_sim_v1/echo_sim_v1.egg-info to /home/cameron/Project_Echo/Educational/amr_ws/install/echo_sim_v1/lib/python3.10/site-packages/echo_sim_v1-0.0.0-py3.10.egg-info
[0.954s] running install_scripts
[0.969s] writing list of installed files to '/home/cameron/Project_Echo/Educational/amr_ws/build/echo_sim_v1/install.log'
[0.993s] Invoked command in '/home/cameron/Project_Echo/Educational/amr_ws/src/echo_sim_v1' returned '0': PYTHONPATH=/home/cameron/Project_Echo/Educational/amr_ws/build/echo_sim_v1/prefix_override:/usr/lib/python3/dist-packages/colcon_core/task/python/colcon_distutils_commands:/home/cameron/Project_Echo/Educational/amr_ws/install/echo_sim_v1/lib/python3.10/site-packages:${PYTHONPATH} /usr/bin/python3 -W ignore:setup.py install is deprecated -W ignore:easy_install command is deprecated setup.py egg_info --egg-base ../../build/echo_sim_v1 build --build-base /home/cameron/Project_Echo/Educational/amr_ws/build/echo_sim_v1/build install --record /home/cameron/Project_Echo/Educational/amr_ws/build/echo_sim_v1/install.log --single-version-externally-managed install_data
