/home/cameron/Project_Echo/Educational/amr_ws/install/echo_sim_v1/lib/python3.10/site-packages/echo_sim_v1/__init__.py
/home/cameron/Project_Echo/Educational/amr_ws/install/echo_sim_v1/lib/python3.10/site-packages/echo_sim_v1/__pycache__/__init__.cpython-310.pyc
/home/cameron/Project_Echo/Educational/amr_ws/install/echo_sim_v1/share/ament_index/resource_index/packages/echo_sim_v1
/home/cameron/Project_Echo/Educational/amr_ws/install/echo_sim_v1/share/echo_sim_v1/package.xml
/home/cameron/Project_Echo/Educational/amr_ws/install/echo_sim_v1/share/echo_sim_v1/launch/gazebo_ign.launch.py
/home/cameron/Project_Echo/Educational/amr_ws/install/echo_sim_v1/share/echo_sim_v1/launch/robot_spawn.launch.py
/home/cameron/Project_Echo/Educational/amr_ws/install/echo_sim_v1/share/echo_sim_v1/launch/gazebo.launch.py
/home/cameron/Project_Echo/Educational/amr_ws/install/echo_sim_v1/share/echo_sim_v1/launch/echo_v1_rviz.launch.py
/home/cameron/Project_Echo/Educational/amr_ws/install/echo_sim_v1/share/echo_sim_v1/launch/echo_v1_world.launch.py
/home/cameron/Project_Echo/Educational/amr_ws/install/echo_sim_v1/share/echo_sim_v1/launch/robot_spawn_ign.launch.py
/home/cameron/Project_Echo/Educational/amr_ws/install/echo_sim_v1/share/echo_sim_v1/config/diff_drive_controller.yaml
/home/cameron/Project_Echo/Educational/amr_ws/install/echo_sim_v1/share/echo_sim_v1/worlds/empty.sdf
/home/cameron/Project_Echo/Educational/amr_ws/install/echo_sim_v1/share/echo_sim_v1/worlds/echo_v1.sdf
/home/cameron/Project_Echo/Educational/amr_ws/install/echo_sim_v1/share/echo_sim_v1/models
/home/cameron/Project_Echo/Educational/amr_ws/install/echo_sim_v1/share/echo_sim_v1/rviz/echo_v1_gazebo.rviz
/home/cameron/Project_Echo/Educational/amr_ws/install/echo_sim_v1/share/echo_sim_v1/rviz/echo.rviz
/home/cameron/Project_Echo/Educational/amr_ws/install/echo_sim_v1/share/echo_sim_v1/urdf/my_robot.urdf
/home/cameron/Project_Echo/Educational/amr_ws/install/echo_sim_v1/share/echo_sim_v1/urdf/gazebo_control.xacro
/home/cameron/Project_Echo/Educational/amr_ws/install/echo_sim_v1/share/echo_sim_v1/urdf/echo_v1.urdf.xacro
/home/cameron/Project_Echo/Educational/amr_ws/install/echo_sim_v1/share/echo_sim_v1/urdf/echo_v1_world.sdf
/home/cameron/Project_Echo/Educational/amr_ws/install/echo_sim_v1/share/echo_sim_v1/urdf/lidar.xacro
/home/cameron/Project_Echo/Educational/amr_ws/install/echo_sim_v1/share/echo_sim_v1/urdf/test_world.sdf
/home/cameron/Project_Echo/Educational/amr_ws/install/echo_sim_v1/share/echo_sim_v1/urdf/camera.xacro
/home/cameron/Project_Echo/Educational/amr_ws/install/echo_sim_v1/share/echo_sim_v1/urdf/materials.xacro
/home/cameron/Project_Echo/Educational/amr_ws/install/echo_sim_v1/share/echo_sim_v1/meshes/left_wheel_link.STL
/home/cameron/Project_Echo/Educational/amr_ws/install/echo_sim_v1/share/echo_sim_v1/meshes/lidar_link.STL
/home/cameron/Project_Echo/Educational/amr_ws/install/echo_sim_v1/share/echo_sim_v1/meshes/base_link.STL
/home/cameron/Project_Echo/Educational/amr_ws/install/echo_sim_v1/share/echo_sim_v1/meshes/right_wheel_link.STL
/home/cameron/Project_Echo/Educational/amr_ws/install/echo_sim_v1/share/echo_sim_v1/meshes/caster_wheel_link.STL
/home/cameron/Project_Echo/Educational/amr_ws/install/echo_sim_v1/share/echo_sim_v1/meshes/camera_link.STL
/home/cameron/Project_Echo/Educational/amr_ws/install/echo_sim_v1/lib/python3.10/site-packages/echo_sim_v1-0.0.0-py3.10.egg-info/dependency_links.txt
/home/cameron/Project_Echo/Educational/amr_ws/install/echo_sim_v1/lib/python3.10/site-packages/echo_sim_v1-0.0.0-py3.10.egg-info/entry_points.txt
/home/cameron/Project_Echo/Educational/amr_ws/install/echo_sim_v1/lib/python3.10/site-packages/echo_sim_v1-0.0.0-py3.10.egg-info/PKG-INFO
/home/cameron/Project_Echo/Educational/amr_ws/install/echo_sim_v1/lib/python3.10/site-packages/echo_sim_v1-0.0.0-py3.10.egg-info/SOURCES.txt
/home/cameron/Project_Echo/Educational/amr_ws/install/echo_sim_v1/lib/python3.10/site-packages/echo_sim_v1-0.0.0-py3.10.egg-info/requires.txt
/home/cameron/Project_Echo/Educational/amr_ws/install/echo_sim_v1/lib/python3.10/site-packages/echo_sim_v1-0.0.0-py3.10.egg-info/top_level.txt
/home/cameron/Project_Echo/Educational/amr_ws/install/echo_sim_v1/lib/python3.10/site-packages/echo_sim_v1-0.0.0-py3.10.egg-info/zip-safe
