[0.744s] Invoking command in '/home/cameron/Project_Echo/Educational/amr_ws/src/turtlebot3_gz': PYTHONPATH=/home/cameron/Project_Echo/Educational/amr_ws/build/turtlebot3_gz/prefix_override:/usr/lib/python3/dist-packages/colcon_core/task/python/colcon_distutils_commands:/home/cameron/Project_Echo/Educational/amr_ws/install/turtlebot3_gz/lib/python3.10/site-packages:${PYTHONPATH} /usr/bin/python3 -W ignore:setup.py install is deprecated -W ignore:easy_install command is deprecated setup.py egg_info --egg-base ../../build/turtlebot3_gz build --build-base /home/cameron/Project_Echo/Educational/amr_ws/build/turtlebot3_gz/build install --record /home/cameron/Project_Echo/Educational/amr_ws/build/turtlebot3_gz/install.log --single-version-externally-managed install_data
[0.949s] running egg_info
[0.949s] creating ../../build/turtlebot3_gz/turtlebot3_gz.egg-info
[0.950s] writing ../../build/turtlebot3_gz/turtlebot3_gz.egg-info/PKG-INFO
[0.950s] writing dependency_links to ../../build/turtlebot3_gz/turtlebot3_gz.egg-info/dependency_links.txt
[0.950s] writing entry points to ../../build/turtlebot3_gz/turtlebot3_gz.egg-info/entry_points.txt
[0.950s] writing requirements to ../../build/turtlebot3_gz/turtlebot3_gz.egg-info/requires.txt
[0.950s] writing top-level names to ../../build/turtlebot3_gz/turtlebot3_gz.egg-info/top_level.txt
[0.950s] writing manifest file '../../build/turtlebot3_gz/turtlebot3_gz.egg-info/SOURCES.txt'
[0.951s] reading manifest file '../../build/turtlebot3_gz/turtlebot3_gz.egg-info/SOURCES.txt'
[0.952s] adding license file 'LICENSE'
[0.952s] writing manifest file '../../build/turtlebot3_gz/turtlebot3_gz.egg-info/SOURCES.txt'
[0.952s] running build
[0.952s] running build_py
[0.952s] creating /home/cameron/Project_Echo/Educational/amr_ws/build/turtlebot3_gz/build
[0.952s] creating /home/cameron/Project_Echo/Educational/amr_ws/build/turtlebot3_gz/build/lib
[0.952s] creating /home/cameron/Project_Echo/Educational/amr_ws/build/turtlebot3_gz/build/lib/turtlebot3_gz
[0.952s] copying turtlebot3_gz/__init__.py -> /home/cameron/Project_Echo/Educational/amr_ws/build/turtlebot3_gz/build/lib/turtlebot3_gz
[0.953s] running install
[0.953s] running install_lib
[0.953s] creating /home/cameron/Project_Echo/Educational/amr_ws/install/turtlebot3_gz/lib/python3.10/site-packages/turtlebot3_gz
[0.953s] copying /home/cameron/Project_Echo/Educational/amr_ws/build/turtlebot3_gz/build/lib/turtlebot3_gz/__init__.py -> /home/cameron/Project_Echo/Educational/amr_ws/install/turtlebot3_gz/lib/python3.10/site-packages/turtlebot3_gz
[0.954s] byte-compiling /home/cameron/Project_Echo/Educational/amr_ws/install/turtlebot3_gz/lib/python3.10/site-packages/turtlebot3_gz/__init__.py to __init__.cpython-310.pyc
[0.954s] running install_data
[0.954s] creating /home/cameron/Project_Echo/Educational/amr_ws/install/turtlebot3_gz/share/ament_index
[0.954s] creating /home/cameron/Project_Echo/Educational/amr_ws/install/turtlebot3_gz/share/ament_index/resource_index
[0.954s] creating /home/cameron/Project_Echo/Educational/amr_ws/install/turtlebot3_gz/share/ament_index/resource_index/packages
[0.954s] copying resource/turtlebot3_gz -> /home/cameron/Project_Echo/Educational/amr_ws/install/turtlebot3_gz/share/ament_index/resource_index/packages
[0.954s] copying package.xml -> /home/cameron/Project_Echo/Educational/amr_ws/install/turtlebot3_gz/share/turtlebot3_gz
[0.954s] creating /home/cameron/Project_Echo/Educational/amr_ws/install/turtlebot3_gz/share/turtlebot3_gz/launch
[0.954s] copying launch/turtlebot_simple_rviz.launch.py -> /home/cameron/Project_Echo/Educational/amr_ws/install/turtlebot3_gz/share/turtlebot3_gz/launch
[0.954s] creating /home/cameron/Project_Echo/Educational/amr_ws/install/turtlebot3_gz/share/turtlebot3_gz/config
[0.955s] creating /home/cameron/Project_Echo/Educational/amr_ws/install/turtlebot3_gz/share/turtlebot3_gz/worlds
[0.955s] creating /home/cameron/Project_Echo/Educational/amr_ws/install/turtlebot3_gz/share/turtlebot3_gz/models
[0.955s] creating /home/cameron/Project_Echo/Educational/amr_ws/install/turtlebot3_gz/share/turtlebot3_gz/rviz
[0.955s] copying rviz/tb3_gazebo.rviz -> /home/cameron/Project_Echo/Educational/amr_ws/install/turtlebot3_gz/share/turtlebot3_gz/rviz
[0.955s] creating /home/cameron/Project_Echo/Educational/amr_ws/install/turtlebot3_gz/share/turtlebot3_gz/urdf
[0.955s] copying urdf/turtlebot3_waffle.urdf -> /home/cameron/Project_Echo/Educational/amr_ws/install/turtlebot3_gz/share/turtlebot3_gz/urdf
[0.955s] copying urdf/turtlebot_simple.urdf -> /home/cameron/Project_Echo/Educational/amr_ws/install/turtlebot3_gz/share/turtlebot3_gz/urdf
[0.955s] creating /home/cameron/Project_Echo/Educational/amr_ws/install/turtlebot3_gz/share/turtlebot3_gz/meshes
[0.955s] copying meshes/waffle_pi_base.dae -> /home/cameron/Project_Echo/Educational/amr_ws/install/turtlebot3_gz/share/turtlebot3_gz/meshes
[0.955s] copying meshes/lds.dae -> /home/cameron/Project_Echo/Educational/amr_ws/install/turtlebot3_gz/share/turtlebot3_gz/meshes
[0.955s] copying meshes/burger_base.dae -> /home/cameron/Project_Echo/Educational/amr_ws/install/turtlebot3_gz/share/turtlebot3_gz/meshes
[0.955s] copying meshes/r200.dae -> /home/cameron/Project_Echo/Educational/amr_ws/install/turtlebot3_gz/share/turtlebot3_gz/meshes
[0.956s] copying meshes/tire.dae -> /home/cameron/Project_Echo/Educational/amr_ws/install/turtlebot3_gz/share/turtlebot3_gz/meshes
[0.956s] copying meshes/waffle_base.dae -> /home/cameron/Project_Echo/Educational/amr_ws/install/turtlebot3_gz/share/turtlebot3_gz/meshes
[0.956s] running install_egg_info
[0.957s] Copying ../../build/turtlebot3_gz/turtlebot3_gz.egg-info to /home/cameron/Project_Echo/Educational/amr_ws/install/turtlebot3_gz/lib/python3.10/site-packages/turtlebot3_gz-0.0.0-py3.10.egg-info
[0.958s] running install_scripts
[0.974s] writing list of installed files to '/home/cameron/Project_Echo/Educational/amr_ws/build/turtlebot3_gz/install.log'
[0.997s] Invoked command in '/home/cameron/Project_Echo/Educational/amr_ws/src/turtlebot3_gz' returned '0': PYTHONPATH=/home/cameron/Project_Echo/Educational/amr_ws/build/turtlebot3_gz/prefix_override:/usr/lib/python3/dist-packages/colcon_core/task/python/colcon_distutils_commands:/home/cameron/Project_Echo/Educational/amr_ws/install/turtlebot3_gz/lib/python3.10/site-packages:${PYTHONPATH} /usr/bin/python3 -W ignore:setup.py install is deprecated -W ignore:easy_install command is deprecated setup.py egg_info --egg-base ../../build/turtlebot3_gz build --build-base /home/cameron/Project_Echo/Educational/amr_ws/build/turtlebot3_gz/build install --record /home/cameron/Project_Echo/Educational/amr_ws/build/turtlebot3_gz/install.log --single-version-externally-managed install_data
