[0.836s] Invoking command in '/home/cameron/Project_Echo/Educational/amr_ws/src/echo_sim_v1': PYTHONPATH=/home/cameron/Project_Echo/Educational/amr_ws/build/echo_sim_v1/prefix_override:/usr/lib/python3/dist-packages/colcon_core/task/python/colcon_distutils_commands:/home/cameron/Project_Echo/Educational/amr_ws/install/echo_sim_v1/lib/python3.10/site-packages:${PYTHONPATH} /usr/bin/python3 -W ignore:setup.py install is deprecated -W ignore:easy_install command is deprecated setup.py egg_info --egg-base ../../build/echo_sim_v1 build --build-base /home/cameron/Project_Echo/Educational/amr_ws/build/echo_sim_v1/build install --record /home/cameron/Project_Echo/Educational/amr_ws/build/echo_sim_v1/install.log --single-version-externally-managed install_data
[1.041s] running egg_info
[1.041s] writing ../../build/echo_sim_v1/echo_sim_v1.egg-info/PKG-INFO
[1.043s] writing dependency_links to ../../build/echo_sim_v1/echo_sim_v1.egg-info/dependency_links.txt
[1.043s] writing entry points to ../../build/echo_sim_v1/echo_sim_v1.egg-info/entry_points.txt
[1.043s] writing requirements to ../../build/echo_sim_v1/echo_sim_v1.egg-info/requires.txt
[1.043s] writing top-level names to ../../build/echo_sim_v1/echo_sim_v1.egg-info/top_level.txt
[1.044s] reading manifest file '../../build/echo_sim_v1/echo_sim_v1.egg-info/SOURCES.txt'
[1.045s] adding license file 'LICENSE'
[1.046s] writing manifest file '../../build/echo_sim_v1/echo_sim_v1.egg-info/SOURCES.txt'
[1.046s] running build
[1.046s] running build_py
[1.047s] running install
[1.047s] running install_lib
[1.048s] running install_data
[1.049s] copying urdf/echo_v1.urdf -> /home/cameron/Project_Echo/Educational/amr_ws/install/echo_sim_v1/share/echo_sim_v1/urdf
[1.049s] copying meshes/left_wheel_link.STL -> /home/cameron/Project_Echo/Educational/amr_ws/install/echo_sim_v1/share/echo_sim_v1/meshes
[1.049s] copying meshes/lidar_link.STL -> /home/cameron/Project_Echo/Educational/amr_ws/install/echo_sim_v1/share/echo_sim_v1/meshes
[1.049s] copying meshes/base_link.STL -> /home/cameron/Project_Echo/Educational/amr_ws/install/echo_sim_v1/share/echo_sim_v1/meshes
[1.050s] copying meshes/right_wheel_link.STL -> /home/cameron/Project_Echo/Educational/amr_ws/install/echo_sim_v1/share/echo_sim_v1/meshes
[1.050s] copying meshes/caster_wheel_link.STL -> /home/cameron/Project_Echo/Educational/amr_ws/install/echo_sim_v1/share/echo_sim_v1/meshes
[1.050s] copying meshes/camera_link.STL -> /home/cameron/Project_Echo/Educational/amr_ws/install/echo_sim_v1/share/echo_sim_v1/meshes
[1.050s] running install_egg_info
[1.052s] removing '/home/cameron/Project_Echo/Educational/amr_ws/install/echo_sim_v1/lib/python3.10/site-packages/echo_sim_v1-0.0.0-py3.10.egg-info' (and everything under it)
[1.052s] Copying ../../build/echo_sim_v1/echo_sim_v1.egg-info to /home/cameron/Project_Echo/Educational/amr_ws/install/echo_sim_v1/lib/python3.10/site-packages/echo_sim_v1-0.0.0-py3.10.egg-info
[1.053s] running install_scripts
[1.068s] writing list of installed files to '/home/cameron/Project_Echo/Educational/amr_ws/build/echo_sim_v1/install.log'
[1.089s] Invoked command in '/home/cameron/Project_Echo/Educational/amr_ws/src/echo_sim_v1' returned '0': PYTHONPATH=/home/cameron/Project_Echo/Educational/amr_ws/build/echo_sim_v1/prefix_override:/usr/lib/python3/dist-packages/colcon_core/task/python/colcon_distutils_commands:/home/cameron/Project_Echo/Educational/amr_ws/install/echo_sim_v1/lib/python3.10/site-packages:${PYTHONPATH} /usr/bin/python3 -W ignore:setup.py install is deprecated -W ignore:easy_install command is deprecated setup.py egg_info --egg-base ../../build/echo_sim_v1 build --build-base /home/cameron/Project_Echo/Educational/amr_ws/build/echo_sim_v1/build install --record /home/cameron/Project_Echo/Educational/amr_ws/build/echo_sim_v1/install.log --single-version-externally-managed install_data
